#
# A fatal error has been detected by the Java Runtime Environment:
#
#  Internal Error (safepoint.cpp:712), pid=42504, tid=0x0000000000005f07
#  fatal error: Illegal threadstate encountered: 4
#
# JRE version: Java(TM) SE Runtime Environment (8.0_241-b07) (build 1.8.0_241-b07)
# Java VM: Java HotSpot(TM) 64-Bit Server VM (25.241-b07 mixed mode bsd-amd64 compressed oops)
# Failed to write core dump. Core dumps have been disabled. To enable core dumping, try "ulimit -c unlimited" before starting Java again
#
# If you would like to submit a bug report, please visit:
#   http://bugreport.java.com/bugreport/crash.jsp
# The crash happened outside the Java Virtual Machine in native code.
# See problematic frame for where to report the bug.
#

---------------  T H R E A D  ---------------

Current thread (0x00007fa5db896800):  JavaThread "Thread-1" daemon [_thread_in_native, id=24327, stack(0x000070001071e000,0x000070001081e000)]

Stack: [0x000070001071e000,0x000070001081e000],  sp=0x000070001081cc80,  free space=1019k
Native frames: (J=compiled Java code, j=interpreted, Vv=VM code, C=native code)
V  [libjvm.dylib+0x5bc994]
V  [libjvm.dylib+0x1ea9f9]
V  [libjvm.dylib+0x4e8072]
V  [libjvm.dylib+0x575a72]
V  [libjvm.dylib+0x16b806]
V  [libjvm.dylib+0x318381]
C  [libglass.dylib+0x5155]  -[GlassRunnable dealloc]+0x35
C  [libobjc.A.dylib+0x25e98]  _ZN11objc_object17sidetable_releaseEbb+0xee
C  [Foundation+0x818be]  -[_NSThreadPerformInfo dealloc]+0x2a
C  [libobjc.A.dylib+0x25e98]  _ZN11objc_object17sidetable_releaseEbb+0xee
C  [Foundation+0x4e446]  -[NSObject(NSThreadPerformAdditions) performSelectorOnMainThread:withObject:waitUntilDone:]+0x7c
j  com.sun.glass.ui.mac.MacApplication._submitForLaterInvocation(Ljava/lang/Runnable;)V+0
j  com.sun.glass.ui.mac.MacApplication.submitForLaterInvocation(Ljava/lang/Runnable;)V+2
j  com.sun.glass.ui.InvokeLaterDispatcher.run()V+82
v  ~StubRoutines::call_stub
V  [libjvm.dylib+0x2f1b06]
V  [libjvm.dylib+0x2f22aa]
V  [libjvm.dylib+0x2f2456]
V  [libjvm.dylib+0x34cd45]
V  [libjvm.dylib+0x576b93]
V  [libjvm.dylib+0x57828e]
V  [libjvm.dylib+0x490b86]
C  [libsystem_pthread.dylib+0x64e1]  _pthread_start+0x7d
C  [libsystem_pthread.dylib+0x1f6b]  thread_start+0xf
C  0x0000000000000000

Java frames: (J=compiled Java code, j=interpreted, Vv=VM code)
j  com.sun.glass.ui.mac.MacApplication._submitForLaterInvocation(Ljava/lang/Runnable;)V+0
j  com.sun.glass.ui.mac.MacApplication.submitForLaterInvocation(Ljava/lang/Runnable;)V+2
j  com.sun.glass.ui.InvokeLaterDispatcher.run()V+82
v  ~StubRoutines::call_stub

---------------  P R O C E S S  ---------------

Java Threads: ( => current thread )
  0x00007fa5dd3b8800 JavaThread "PulseTimer-CVDisplayLink thread" daemon [_thread_in_native, id=72987, stack(0x0000700010821000,0x00007000108a1000)]
  0x00007fa5dda5b800 JavaThread "MySQL Statement Cancellation Timer" daemon [_thread_blocked, id=54027, stack(0x0000700010bb0000,0x0000700010cb0000)]
  0x00007fa5dd969000 JavaThread "Prism Font Disposer" daemon [_thread_blocked, id=50955, stack(0x0000700010aad000,0x0000700010bad000)]
  0x00007fa5dd166000 JavaThread "JavaFX-Launcher" [_thread_blocked, id=81171, stack(0x0000700010927000,0x0000700010a27000)]
  0x00007fa5dd8bb000 JavaThread "JavaFX Application Thread" [_thread_in_native, id=259, stack(0x00007ff7b37ac000,0x00007ff7b3fac000)]
=>0x00007fa5db896800 JavaThread "Thread-1" daemon [_thread_in_native, id=24327, stack(0x000070001071e000,0x000070001081e000)]
  0x00007fa5dc212000 JavaThread "QuantumRenderer-0" daemon [_thread_in_native, id=17923, stack(0x000070001061b000,0x000070001071b000)]
  0x00007fa5db830800 JavaThread "Service Thread" daemon [_thread_blocked, id=14851, stack(0x0000700010415000,0x0000700010515000)]
  0x00007fa5dd0c0000 JavaThread "C1 CompilerThread2" daemon [_thread_blocked, id=14339, stack(0x0000700010312000,0x0000700010412000)]
  0x00007fa5db82f800 JavaThread "C2 CompilerThread1" daemon [_thread_in_native, id=13827, stack(0x000070001020f000,0x000070001030f000)]
  0x00007fa5db853800 JavaThread "C2 CompilerThread0" daemon [_thread_in_native, id=18435, stack(0x000070001010c000,0x000070001020c000)]
  0x00007fa5dd068800 JavaThread "Monitor Ctrl-Break" daemon [_thread_in_native, id=18947, stack(0x0000700010009000,0x0000700010109000)]
  0x00007fa5dc04e800 JavaThread "Signal Dispatcher" daemon [_thread_blocked, id=13315, stack(0x000070000ff06000,0x0000700010006000)]
  0x00007fa5dd020000 JavaThread "Finalizer" daemon [_thread_blocked, id=11779, stack(0x000070000fc7a000,0x000070000fd7a000)]
  0x00007fa5dd01d800 JavaThread "Reference Handler" daemon [_thread_blocked, id=11267, stack(0x000070000fb77000,0x000070000fc77000)]
  0x00007fa5dc00d800 JavaThread "main" [_thread_blocked, id=3843, stack(0x000070000f565000,0x000070000f665000)]

Other Threads:
  0x00007fa5dd01a800 VMThread [stack: 0x000070000fa74000,0x000070000fb74000] [id=11011]
  0x00007fa5db831000 WatcherThread [stack: 0x0000700010518000,0x0000700010618000] [id=18179]

VM state:not at safepoint (normal execution)

VM Mutex/Monitor currently owned by a thread: None

heap address: 0x0000000740000000, size: 2048 MB, Compressed Oops mode: Zero based, Oop shift amount: 3
Narrow klass base: 0x0000000000000000, Narrow klass shift: 3
Compressed class space size: 1073741824 Address: 0x00000007c0000000

Heap:
 PSYoungGen      total 38400K, used 12080K [0x0000000795580000, 0x000000079a080000, 0x00000007c0000000)
  eden space 33280K, 36% used [0x0000000795580000,0x000000079614c320,0x0000000797600000)
  from space 5120K, 0% used [0x0000000797600000,0x0000000797600000,0x0000000797b00000)
  to   space 5120K, 0% used [0x0000000799b80000,0x0000000799b80000,0x000000079a080000)
 ParOldGen       total 51200K, used 9261K [0x0000000740000000, 0x0000000743200000, 0x0000000795580000)
  object space 51200K, 18% used [0x0000000740000000,0x000000074090b560,0x0000000743200000)
 Metaspace       used 21714K, capacity 23124K, committed 23296K, reserved 1069056K
  class space    used 3014K, capacity 3295K, committed 3328K, reserved 1048576K

Card table byte_map: [0x000000010c538000,0x000000010c939000] byte_map_base: 0x0000000108b38000

Marking Bits: (ParMarkBitMap*) 0x000000010d917f80
 Begin Bits: [0x000000010dfd4000, 0x000000010ffd4000)
 End Bits:   [0x000000010ffd4000, 0x0000000111fd4000)

Polling page: 0x000000010c08e000

CodeCache: size=245760Kb used=8907Kb max_used=8907Kb free=236852Kb
 bounds [0x000000011a96d000, 0x000000011b22d000, 0x000000012996d000]
 total_blobs=3630 nmethods=2907 adapters=636
 compilation: enabled

Compilation events (10 events):
Event: 10.658 Thread 0x00007fa5dd0c0000 nmethod 2880 0x000000011b1f6c90 code [0x000000011b1f6de0, 0x000000011b1f6f30]
Event: 10.658 Thread 0x00007fa5dd0c0000 2881       3       javafx.scene.layout.CornerRadii::getBottomLeftHorizontalRadius (5 bytes)
Event: 10.658 Thread 0x00007fa5dd0c0000 nmethod 2881 0x000000011b1f6fd0 code [0x000000011b1f7120, 0x000000011b1f7270]
Event: 10.658 Thread 0x00007fa5dd0c0000 2884       3       com.sun.javafx.sg.prism.NGShape::visualsChanged (26 bytes)
Event: 10.658 Thread 0x00007fa5dd0c0000 nmethod 2884 0x000000011b1f7310 code [0x000000011b1f74c0, 0x000000011b1f7b88]
Event: 10.658 Thread 0x00007fa5dd0c0000 2883       1       javafx.scene.text.Text$TextAttribute::access$1100 (5 bytes)
Event: 10.658 Thread 0x00007fa5dd0c0000 nmethod 2883 0x000000011b1f7d90 code [0x000000011b1f7ee0, 0x000000011b1f7fd0]
Event: 10.658 Thread 0x00007fa5dd0c0000 2873       3       com.sun.javafx.event.EventRedirector::dispatchCapturingEvent (52 bytes)
Event: 10.659 Thread 0x00007fa5dd0c0000 nmethod 2873 0x000000011b1f8250 code [0x000000011b1f8420, 0x000000011b1f8af8]
Event: 10.659 Thread 0x00007fa5dd0c0000 2875       3       java.util.concurrent.CopyOnWriteArrayList::isEmpty (13 bytes)

GC Heap History (8 events):
Event: 2.751 GC heap before
{Heap before GC invocations=1 (full 0):
 PSYoungGen      total 38400K, used 33280K [0x0000000795580000, 0x0000000798000000, 0x00000007c0000000)
  eden space 33280K, 100% used [0x0000000795580000,0x0000000797600000,0x0000000797600000)
  from space 5120K, 0% used [0x0000000797b00000,0x0000000797b00000,0x0000000798000000)
  to   space 5120K, 0% used [0x0000000797600000,0x0000000797600000,0x0000000797b00000)
 ParOldGen       total 87552K, used 0K [0x0000000740000000, 0x0000000745580000, 0x0000000795580000)
  object space 87552K, 0% used [0x0000000740000000,0x0000000740000000,0x0000000745580000)
 Metaspace       used 12643K, capacity 13024K, committed 13184K, reserved 1060864K
  class space    used 1676K, capacity 1823K, committed 1920K, reserved 1048576K
Event: 2.760 GC heap after
Heap after GC invocations=1 (full 0):
 PSYoungGen      total 38400K, used 3888K [0x0000000795580000, 0x0000000798000000, 0x00000007c0000000)
  eden space 33280K, 0% used [0x0000000795580000,0x0000000795580000,0x0000000797600000)
  from space 5120K, 75% used [0x0000000797600000,0x00000007979cc030,0x0000000797b00000)
  to   space 5120K, 0% used [0x0000000797b00000,0x0000000797b00000,0x0000000798000000)
 ParOldGen       total 87552K, used 80K [0x0000000740000000, 0x0000000745580000, 0x0000000795580000)
  object space 87552K, 0% used [0x0000000740000000,0x0000000740014010,0x0000000745580000)
 Metaspace       used 12643K, capacity 13024K, committed 13184K, reserved 1060864K
  class space    used 1676K, capacity 1823K, committed 1920K, reserved 1048576K
}
Event: 6.739 GC heap before
{Heap before GC invocations=2 (full 0):
 PSYoungGen      total 38400K, used 37168K [0x0000000795580000, 0x0000000798000000, 0x00000007c0000000)
  eden space 33280K, 100% used [0x0000000795580000,0x0000000797600000,0x0000000797600000)
  from space 5120K, 75% used [0x0000000797600000,0x00000007979cc030,0x0000000797b00000)
  to   space 5120K, 0% used [0x0000000797b00000,0x0000000797b00000,0x0000000798000000)
 ParOldGen       total 87552K, used 80K [0x0000000740000000, 0x0000000745580000, 0x0000000795580000)
  object space 87552K, 0% used [0x0000000740000000,0x0000000740014010,0x0000000745580000)
 Metaspace       used 19885K, capacity 21056K, committed 21248K, reserved 1067008K
  class space    used 2761K, capacity 3015K, committed 3072K, reserved 1048576K
Event: 6.752 GC heap after
Heap after GC invocations=2 (full 0):
 PSYoungGen      total 38400K, used 5104K [0x0000000795580000, 0x0000000798000000, 0x00000007c0000000)
  eden space 33280K, 0% used [0x0000000795580000,0x0000000795580000,0x0000000797600000)
  from space 5120K, 99% used [0x0000000797b00000,0x0000000797ffc060,0x0000000798000000)
  to   space 5120K, 0% used [0x0000000797600000,0x0000000797600000,0x0000000797b00000)
 ParOldGen       total 87552K, used 4944K [0x0000000740000000, 0x0000000745580000, 0x0000000795580000)
  object space 87552K, 5% used [0x0000000740000000,0x00000007404d4388,0x0000000745580000)
 Metaspace       used 19885K, capacity 21056K, committed 21248K, reserved 1067008K
  class space    used 2761K, capacity 3015K, committed 3072K, reserved 1048576K
}
Event: 6.773 GC heap before
{Heap before GC invocations=3 (full 0):
 PSYoungGen      total 38400K, used 7080K [0x0000000795580000, 0x0000000798000000, 0x00000007c0000000)
  eden space 33280K, 5% used [0x0000000795580000,0x000000079576e280,0x0000000797600000)
  from space 5120K, 99% used [0x0000000797b00000,0x0000000797ffc060,0x0000000798000000)
  to   space 5120K, 0% used [0x0000000797600000,0x0000000797600000,0x0000000797b00000)
 ParOldGen       total 87552K, used 4944K [0x0000000740000000, 0x0000000745580000, 0x0000000795580000)
  object space 87552K, 5% used [0x0000000740000000,0x00000007404d4388,0x0000000745580000)
 Metaspace       used 20007K, capacity 21162K, committed 21248K, reserved 1067008K
  class space    used 2785K, capacity 3022K, committed 3072K, reserved 1048576K
Event: 6.781 GC heap after
Heap after GC invocations=3 (full 0):
 PSYoungGen      total 38400K, used 5104K [0x0000000795580000, 0x000000079a080000, 0x00000007c0000000)
  eden space 33280K, 0% used [0x0000000795580000,0x0000000795580000,0x0000000797600000)
  from space 5120K, 99% used [0x0000000797600000,0x0000000797afc060,0x0000000797b00000)
  to   space 5120K, 0% used [0x0000000799b80000,0x0000000799b80000,0x000000079a080000)
 ParOldGen       total 87552K, used 5064K [0x0000000740000000, 0x0000000745580000, 0x0000000795580000)
  object space 87552K, 5% used [0x0000000740000000,0x00000007404f23a8,0x0000000745580000)
 Metaspace       used 20007K, capacity 21162K, committed 21248K, reserved 1067008K
  class space    used 2785K, capacity 3022K, committed 3072K, reserved 1048576K
}
Event: 6.781 GC heap before
{Heap before GC invocations=4 (full 1):
 PSYoungGen      total 38400K, used 5104K [0x0000000795580000, 0x000000079a080000, 0x00000007c0000000)
  eden space 33280K, 0% used [0x0000000795580000,0x0000000795580000,0x0000000797600000)
  from space 5120K, 99% used [0x0000000797600000,0x0000000797afc060,0x0000000797b00000)
  to   space 5120K, 0% used [0x0000000799b80000,0x0000000799b80000,0x000000079a080000)
 ParOldGen       total 87552K, used 5064K [0x0000000740000000, 0x0000000745580000, 0x0000000795580000)
  object space 87552K, 5% used [0x0000000740000000,0x00000007404f23a8,0x0000000745580000)
 Metaspace       used 20007K, capacity 21162K, committed 21248K, reserved 1067008K
  class space    used 2785K, capacity 3022K, committed 3072K, reserved 1048576K
Event: 6.821 GC heap after
Heap after GC invocations=4 (full 1):
 PSYoungGen      total 38400K, used 0K [0x0000000795580000, 0x000000079a080000, 0x00000007c0000000)
  eden space 33280K, 0% used [0x0000000795580000,0x0000000795580000,0x0000000797600000)
  from space 5120K, 0% used [0x0000000797600000,0x0000000797600000,0x0000000797b00000)
  to   space 5120K, 0% used [0x0000000799b80000,0x0000000799b80000,0x000000079a080000)
 ParOldGen       total 51200K, used 9261K [0x0000000740000000, 0x0000000743200000, 0x0000000795580000)
  object space 51200K, 18% used [0x0000000740000000,0x000000074090b560,0x0000000743200000)
 Metaspace       used 20007K, capacity 21162K, committed 21248K, reserved 1067008K
  class space    used 2785K, capacity 3022K, committed 3072K, reserved 1048576K
}

Deoptimization events (10 events):
Event: 6.888 Thread 0x00007fa5dd8bb000 Uncommon trap: reason=bimorphic action=maybe_recompile pc=0x000000011b02a368 method=javafx.beans.property.DoublePropertyBase.get()D @ 23
Event: 6.888 Thread 0x00007fa5dd8bb000 Uncommon trap: reason=bimorphic action=maybe_recompile pc=0x000000011b02a368 method=javafx.beans.property.DoublePropertyBase.get()D @ 23
Event: 6.888 Thread 0x00007fa5dd8bb000 Uncommon trap: reason=bimorphic action=maybe_recompile pc=0x000000011af37a58 method=javafx.beans.property.BooleanPropertyBase.get()Z @ 23
Event: 6.889 Thread 0x00007fa5dd8bb000 Uncommon trap: reason=bimorphic action=maybe_recompile pc=0x000000011b02a368 method=javafx.beans.property.DoublePropertyBase.get()D @ 23
Event: 7.881 Thread 0x00007fa5dd8bb000 Uncommon trap: reason=unstable_if action=reinterpret pc=0x000000011acc0e24 method=jdk.internal.org.objectweb.asm.Type.getArgumentsAndReturnSizes(Ljava/lang/String;)I @ 47
Event: 10.603 Thread 0x00007fa5dd8bb000 Uncommon trap: reason=unstable_if action=reinterpret pc=0x000000011b1261f4 method=java.lang.StrictMath.floorOrCeil(DDDD)D @ 38
Event: 10.618 Thread 0x00007fa5dd8bb000 Uncommon trap: reason=class_check action=maybe_recompile pc=0x000000011af94b24 method=javafx.scene.Node.updateLocalToParentTransform()V @ 11
Event: 10.619 Thread 0x00007fa5dd8bb000 Uncommon trap: reason=class_check action=maybe_recompile pc=0x000000011af94b24 method=javafx.scene.Node.updateLocalToParentTransform()V @ 11
Event: 10.619 Thread 0x00007fa5dd8bb000 Uncommon trap: reason=class_check action=maybe_recompile pc=0x000000011af94b24 method=javafx.scene.Node.updateLocalToParentTransform()V @ 11
Event: 10.619 Thread 0x00007fa5dd8bb000 Uncommon trap: reason=class_check action=maybe_recompile pc=0x000000011af94b24 method=javafx.scene.Node.updateLocalToParentTransform()V @ 11

Classes redefined (0 events):
No events

Internal exceptions (10 events):
Event: 4.700 Thread 0x00007fa5dd8bb000 Exception <a 'java/security/PrivilegedActionException'> (0x0000000795e47cd8) thrown at [/jenkins/workspace/8-2-build-macosx-x86_64/jdk8u241/331/hotspot/src/share/vm/prims/jvm.cpp, line 1502]
Event: 4.700 Thread 0x00007fa5dd8bb000 Exception <a 'java/security/PrivilegedActionException'> (0x0000000795e482b8) thrown at [/jenkins/workspace/8-2-build-macosx-x86_64/jdk8u241/331/hotspot/src/share/vm/prims/jvm.cpp, line 1502]
Event: 4.700 Thread 0x00007fa5dd8bb000 Exception <a 'java/security/PrivilegedActionException'> (0x0000000795e4abe0) thrown at [/jenkins/workspace/8-2-build-macosx-x86_64/jdk8u241/331/hotspot/src/share/vm/prims/jvm.cpp, line 1502]
Event: 4.700 Thread 0x00007fa5dd8bb000 Exception <a 'java/security/PrivilegedActionException'> (0x0000000795e4b3a8) thrown at [/jenkins/workspace/8-2-build-macosx-x86_64/jdk8u241/331/hotspot/src/share/vm/prims/jvm.cpp, line 1502]
Event: 4.700 Thread 0x00007fa5dd8bb000 Exception <a 'java/security/PrivilegedActionException'> (0x0000000795e4d7f8) thrown at [/jenkins/workspace/8-2-build-macosx-x86_64/jdk8u241/331/hotspot/src/share/vm/prims/jvm.cpp, line 1502]
Event: 4.700 Thread 0x00007fa5dd8bb000 Exception <a 'java/security/PrivilegedActionException'> (0x0000000795e4ddd8) thrown at [/jenkins/workspace/8-2-build-macosx-x86_64/jdk8u241/331/hotspot/src/share/vm/prims/jvm.cpp, line 1502]
Event: 4.700 Thread 0x00007fa5dd8bb000 Exception <a 'java/security/PrivilegedActionException'> (0x0000000795e50730) thrown at [/jenkins/workspace/8-2-build-macosx-x86_64/jdk8u241/331/hotspot/src/share/vm/prims/jvm.cpp, line 1502]
Event: 4.700 Thread 0x00007fa5dd8bb000 Exception <a 'java/security/PrivilegedActionException'> (0x0000000795e50ef8) thrown at [/jenkins/workspace/8-2-build-macosx-x86_64/jdk8u241/331/hotspot/src/share/vm/prims/jvm.cpp, line 1502]
Event: 6.757 Thread 0x00007fa5dd020000 Exception <a 'java/net/SocketException': Socket closed> (0x0000000795608f08) thrown at [/jenkins/workspace/8-2-build-macosx-x86_64/jdk8u241/331/hotspot/src/share/vm/prims/jni.cpp, line 736]
Event: 6.761 Thread 0x00007fa5dd020000 Exception <a 'java/net/SocketException': Socket closed> (0x0000000795617e08) thrown at [/jenkins/workspace/8-2-build-macosx-x86_64/jdk8u241/331/hotspot/src/share/vm/prims/jni.cpp, line 736]

Events (10 events):
Event: 10.656 loading class com/sun/javafx/geom/transform/Affine2D$1 done
Event: 10.657 loading class com/sun/scenario/effect/impl/prism/PrRenderInfo
Event: 10.657 loading class com/sun/scenario/effect/impl/prism/PrRenderInfo done
Event: 10.657 loading class com/sun/scenario/effect/ImageDataRenderer
Event: 10.657 loading class com/sun/scenario/effect/ImageDataRenderer done
Event: 10.657 loading class com/sun/scenario/effect/impl/ImagePool
Event: 10.657 loading class com/sun/scenario/effect/impl/ImagePool done
Event: 10.657 loading class com/sun/scenario/effect/impl/ImagePool$1
Event: 10.657 loading class com/sun/scenario/effect/impl/ImagePool$1 done
Event: 10.659 Executing VM operation: RevokeBias


Dynamic libraries:
0x00007ff81dfba000 	/System/Library/Frameworks/Cocoa.framework/Versions/A/Cocoa
0x00007ff809c0e000 	/System/Library/Frameworks/AppKit.framework/Versions/C/AppKit
0x00007ff80d125000 	/System/Library/Frameworks/CoreData.framework/Versions/A/CoreData
0x00007ff808011000 	/System/Library/Frameworks/Foundation.framework/Versions/C/Foundation
0x00007ff811f48000 	/usr/lib/libSystem.B.dylib
0x00007ff80aa9e000 	/System/Library/PrivateFrameworks/UIFoundation.framework/Versions/A/UIFoundation
0x00007ff817ebb000 	/System/Library/PrivateFrameworks/RemoteViewServices.framework/Versions/A/RemoteViewServices
0x00007ff81019c000 	/System/Library/PrivateFrameworks/XCTTargetBootstrap.framework/Versions/A/XCTTargetBootstrap
0x00007ff813d51000 	/System/Library/PrivateFrameworks/InternationalSupport.framework/Versions/A/InternationalSupport
0x00007ff813ddb000 	/System/Library/PrivateFrameworks/UserActivity.framework/Versions/A/UserActivity
0x00007ff81312f000 	/usr/lib/libspindump.dylib
0x00007ff80ad2d000 	/System/Library/Frameworks/UniformTypeIdentifiers.framework/Versions/A/UniformTypeIdentifiers
0x00007ff80e8c0000 	/usr/lib/libapp_launch_measurement.dylib
0x00007ff80daf7000 	/System/Library/PrivateFrameworks/CoreAnalytics.framework/Versions/A/CoreAnalytics
0x00007ff80e8c3000 	/System/Library/PrivateFrameworks/CoreAutoLayout.framework/Versions/A/CoreAutoLayout
0x00007ff80faf3000 	/System/Library/Frameworks/Metal.framework/Versions/A/Metal
0x00007ff810822000 	/usr/lib/liblangid.dylib
0x00007ff8101a1000 	/System/Library/PrivateFrameworks/CoreSVG.framework/Versions/A/CoreSVG
0x00007ff80c119000 	/System/Library/PrivateFrameworks/SkyLight.framework/Versions/A/SkyLight
0x00007ff80c4b8000 	/System/Library/Frameworks/CoreGraphics.framework/Versions/A/CoreGraphics
0x00007ff81857b000 	/System/Library/Frameworks/Accelerate.framework/Versions/A/Accelerate
0x00007ff812bae000 	/System/Library/PrivateFrameworks/IconServices.framework/Versions/A/IconServices
0x00007ff80fad8000 	/System/Library/Frameworks/IOSurface.framework/Versions/A/IOSurface
0x00007ff80db25000 	/usr/lib/libDiagnosticMessagesClient.dylib
0x00007ff811e68000 	/usr/lib/libz.1.dylib
0x00007ff81bc5e000 	/System/Library/Frameworks/ApplicationServices.framework/Versions/A/ApplicationServices
0x00007ff810188000 	/System/Library/PrivateFrameworks/DFRFoundation.framework/Versions/A/DFRFoundation
0x00007ff8094f6000 	/usr/lib/libicucore.A.dylib
0x00007ff814b47000 	/System/Library/Frameworks/AudioToolbox.framework/Versions/A/AudioToolbox
0x00007ff813d5d000 	/System/Library/PrivateFrameworks/DataDetectorsCore.framework/Versions/A/DataDetectorsCore
0x00007ff91025c000 	/System/Library/PrivateFrameworks/TextInput.framework/Versions/A/TextInput
0x00007ff80c09c000 	/usr/lib/libMobileGestalt.dylib
0x00007ff80fe94000 	/System/Library/Frameworks/Carbon.framework/Versions/A/Frameworks/HIToolbox.framework/Versions/A/HIToolbox
0x00007ff80e2c2000 	/System/Library/Frameworks/QuartzCore.framework/Versions/A/QuartzCore
0x00007ff80919b000 	/System/Library/Frameworks/Security.framework/Versions/A/Security
0x00007ff817ef3000 	/System/Library/Frameworks/Carbon.framework/Versions/A/Frameworks/SpeechRecognition.framework/Versions/A/SpeechRecognition
0x00007ff80e620000 	/System/Library/PrivateFrameworks/CoreUI.framework/Versions/A/CoreUI
0x00007ff808a65000 	/System/Library/Frameworks/CoreAudio.framework/Versions/A/CoreAudio
0x00007ff80dc14000 	/System/Library/Frameworks/DiskArbitration.framework/Versions/A/DiskArbitration
0x00007ff81351d000 	/System/Library/PrivateFrameworks/MultitouchSupport.framework/Versions/A/MultitouchSupport
0x00007ff80c09b000 	/usr/lib/libenergytrace.dylib
0x00007ff809afa000 	/System/Library/Frameworks/IOKit.framework/Versions/A/IOKit
0x00007ff8182e3000 	/System/Library/Frameworks/CoreServices.framework/Versions/A/CoreServices
0x00007ff80e85a000 	/System/Library/PrivateFrameworks/PerformanceAnalysis.framework/Versions/A/PerformanceAnalysis
0x00007ffa1ff39000 	/System/Library/Frameworks/OpenGL.framework/Versions/A/OpenGL
0x00007ff811484000 	/System/Library/PrivateFrameworks/MobileKeyBag.framework/Versions/A/MobileKeyBag
0x00007ff806fdb000 	/usr/lib/libobjc.A.dylib
0x00007ff80cb84000 	/System/Library/Frameworks/ColorSync.framework/Versions/A/ColorSync
0x00007ff807195000 	/System/Library/Frameworks/CoreFoundation.framework/Versions/A/CoreFoundation
0x00007ff810418000 	/System/Library/Frameworks/CoreImage.framework/Versions/A/CoreImage
0x00007ff808879000 	/System/Library/Frameworks/CoreText.framework/Versions/A/CoreText
0x00007ff8101d1000 	/System/Library/Frameworks/ImageIO.framework/Versions/A/ImageIO
0x00007ff811f4e000 	/System/Library/PrivateFrameworks/SoftLinking.framework/Versions/A/SoftLinking
0x00007ff80e90b000 	/usr/lib/libxml2.2.dylib
0x00007ff8070a1000 	/usr/lib/libc++.1.dylib
0x00007ff8121d2000 	/usr/lib/libcompression.dylib
0x00007ff813c84000 	/System/Library/PrivateFrameworks/TextureIO.framework/Versions/A/TextureIO
0x00007ff8128c0000 	/usr/lib/libate.dylib
0x00007ff811f43000 	/usr/lib/system/libcache.dylib
0x00007ff811eff000 	/usr/lib/system/libcommonCrypto.dylib
0x00007ff811f28000 	/usr/lib/system/libcompiler_rt.dylib
0x00007ff811f1e000 	/usr/lib/system/libcopyfile.dylib
0x00007ff806ed6000 	/usr/lib/system/libcorecrypto.dylib
0x00007ff806f94000 	/usr/lib/system/libdispatch.dylib
0x00007ff807154000 	/usr/lib/system/libdyld.dylib
0x00007ff811f3a000 	/usr/lib/system/libkeymgr.dylib
0x00007ff811edd000 	/usr/lib/system/libmacho.dylib
0x00007ff81155e000 	/usr/lib/system/libquarantine.dylib
0x00007ff811f38000 	/usr/lib/system/libremovefile.dylib
0x00007ff80c0e9000 	/usr/lib/system/libsystem_asl.dylib
0x00007ff806e7f000 	/usr/lib/system/libsystem_blocks.dylib
0x00007ff807018000 	/usr/lib/system/libsystem_c.dylib
0x00007ff811f30000 	/usr/lib/system/libsystem_collections.dylib
0x00007ff810812000 	/usr/lib/system/libsystem_configuration.dylib
0x00007ff80fabb000 	/usr/lib/system/libsystem_containermanager.dylib
0x00007ff811c15000 	/usr/lib/system/libsystem_coreservices.dylib
0x00007ff80978a000 	/usr/lib/system/libsystem_darwin.dylib
0x00007ff811f3b000 	/usr/lib/system/libsystem_dnssd.dylib
0x00007ff807015000 	/usr/lib/system/libsystem_featureflags.dylib
0x00007ff80716a000 	/usr/lib/system/libsystem_info.dylib
0x00007ff811e7b000 	/usr/lib/system/libsystem_m.dylib
0x00007ff806f68000 	/usr/lib/system/libsystem_malloc.dylib
0x00007ff80c084000 	/usr/lib/system/libsystem_networkextension.dylib
0x00007ff809bb0000 	/usr/lib/system/libsystem_notify.dylib
0x00007ff8181b8000 	/usr/lib/system/libsystem_product_info_filter.dylib
0x00007ff810816000 	/usr/lib/system/libsystem_sandbox.dylib
0x00007ff811f35000 	/usr/lib/system/libsystem_secinit.dylib
0x00007ff807110000 	/usr/lib/system/libsystem_kernel.dylib
0x00007ff807160000 	/usr/lib/system/libsystem_platform.dylib
0x00007ff807148000 	/usr/lib/system/libsystem_pthread.dylib
0x00007ff80d937000 	/usr/lib/system/libsystem_symptoms.dylib
0x00007ff806ebd000 	/usr/lib/system/libsystem_trace.dylib
0x00007ff811f0b000 	/usr/lib/system/libunwind.dylib
0x00007ff806e81000 	/usr/lib/system/libxpc.dylib
0x00007ff8070fa000 	/usr/lib/libc++abi.dylib
0x00007ff811f16000 	/usr/lib/liboah.dylib
0x00007ff81269c000 	/usr/lib/liblzma.5.dylib
0x00007ff807d23000 	/System/Library/Frameworks/SystemConfiguration.framework/Versions/A/SystemConfiguration
0x00007ff811f4a000 	/usr/lib/libfakelink.dylib
0x00007ff80bbf4000 	/System/Library/Frameworks/CFNetwork.framework/Versions/A/CFNetwork
0x00007ff81208b000 	/usr/lib/libarchive.2.dylib
0x00007ff81081e000 	/System/Library/PrivateFrameworks/AppleSystemInfo.framework/Versions/A/AppleSystemInfo
0x00007ff811585000 	/usr/lib/libbsm.0.dylib
0x00007ff80b203000 	/usr/lib/libnetwork.dylib
0x00007ff811ee3000 	/usr/lib/system/libkxld.dylib
0x00007ff8111b8000 	/System/Library/PrivateFrameworks/IOMobileFramebuffer.framework/Versions/A/IOMobileFramebuffer
0x00007ffb1f90e000 	/usr/lib/libCoreEntitlements.dylib
0x00007ff811bf7000 	/System/Library/PrivateFrameworks/AppleFSCompression.framework/Versions/A/AppleFSCompression
0x00007ff81156d000 	/usr/lib/libcoretls.dylib
0x00007ff8126b6000 	/usr/lib/libcoretls_cfhelpers.dylib
0x00007ff8121cd000 	/usr/lib/libpam.2.dylib
0x00007ff80d556000 	/usr/lib/libsqlite3.dylib
0x00007ff812725000 	/usr/lib/libxar.1.dylib
0x00007ff811c07000 	/usr/lib/libbz2.1.0.dylib
0x00007ff811f4f000 	/usr/lib/libpcap.A.dylib
0x00007ff80d92f000 	/usr/lib/libdns_services.dylib
0x00007ff81219d000 	/usr/lib/libapple_nghttp2.dylib
0x00007ff811f89000 	/usr/lib/libiconv.2.dylib
0x00007ff811edc000 	/usr/lib/libcharset.1.dylib
0x00007ff80e88e000 	/System/Library/Frameworks/CoreServices.framework/Versions/A/Frameworks/FSEvents.framework/Versions/A/FSEvents
0x00007ff809794000 	/System/Library/Frameworks/CoreServices.framework/Versions/A/Frameworks/CarbonCore.framework/Versions/A/CarbonCore
0x00007ff80db78000 	/System/Library/Frameworks/CoreServices.framework/Versions/A/Frameworks/Metadata.framework/Versions/A/Metadata
0x00007ff811c1a000 	/System/Library/Frameworks/CoreServices.framework/Versions/A/Frameworks/OSServices.framework/Versions/A/OSServices
0x00007ff812112000 	/System/Library/Frameworks/CoreServices.framework/Versions/A/Frameworks/SearchKit.framework/Versions/A/SearchKit
0x00007ff80d8c1000 	/System/Library/Frameworks/CoreServices.framework/Versions/A/Frameworks/AE.framework/Versions/A/AE
0x00007ff807698000 	/System/Library/Frameworks/CoreServices.framework/Versions/A/Frameworks/LaunchServices.framework/Versions/A/LaunchServices
0x00007ff81264d000 	/System/Library/Frameworks/CoreServices.framework/Versions/A/Frameworks/DictionaryServices.framework/Versions/A/DictionaryServices
0x00007ff80e89b000 	/System/Library/Frameworks/CoreServices.framework/Versions/A/Frameworks/SharedFileList.framework/Versions/A/SharedFileList
0x00007ff811561000 	/usr/lib/libCheckFix.dylib
0x00007ff80c100000 	/System/Library/PrivateFrameworks/TCC.framework/Versions/A/TCC
0x00007ff810824000 	/System/Library/PrivateFrameworks/CoreNLP.framework/Versions/A/CoreNLP
0x00007ff80db28000 	/System/Library/PrivateFrameworks/MetadataUtilities.framework/Versions/A/MetadataUtilities
0x00007ff807dd4000 	/usr/lib/libmecabra.dylib
0x00007ff811595000 	/usr/lib/libmecab.dylib
0x00007ff807d9f000 	/usr/lib/libCRFSuite.dylib
0x00007ff8115ef000 	/usr/lib/libgermantok.dylib
0x00007ff812178000 	/usr/lib/libThaiTokenizer.dylib
0x00007ff80dc1b000 	/System/Library/Frameworks/Accelerate.framework/Versions/A/Frameworks/vImage.framework/Versions/A/vImage
0x00007ff8182ba000 	/System/Library/Frameworks/Accelerate.framework/Versions/A/Frameworks/vecLib.framework/Versions/A/vecLib
0x00007ff812766000 	/System/Library/Frameworks/Accelerate.framework/Versions/A/Frameworks/vecLib.framework/Versions/A/libvMisc.dylib
0x00007ff810fe3000 	/System/Library/Frameworks/Accelerate.framework/Versions/A/Frameworks/vecLib.framework/Versions/A/libvDSP.dylib
0x00007ff807a13000 	/System/Library/Frameworks/Accelerate.framework/Versions/A/Frameworks/vecLib.framework/Versions/A/libBLAS.dylib
0x00007ff8122af000 	/System/Library/Frameworks/Accelerate.framework/Versions/A/Frameworks/vecLib.framework/Versions/A/libLAPACK.dylib
0x00007ff8115f2000 	/System/Library/Frameworks/Accelerate.framework/Versions/A/Frameworks/vecLib.framework/Versions/A/libLinearAlgebra.dylib
0x00007ff8121b5000 	/System/Library/Frameworks/Accelerate.framework/Versions/A/Frameworks/vecLib.framework/Versions/A/libSparseBLAS.dylib
0x00007ff8122a9000 	/System/Library/Frameworks/Accelerate.framework/Versions/A/Frameworks/vecLib.framework/Versions/A/libQuadrature.dylib
0x00007ff81090f000 	/System/Library/Frameworks/Accelerate.framework/Versions/A/Frameworks/vecLib.framework/Versions/A/libBNNS.dylib
0x00007ff807cad000 	/System/Library/Frameworks/Accelerate.framework/Versions/A/Frameworks/vecLib.framework/Versions/A/libSparse.dylib
0x00007ff810908000 	/System/Library/PrivateFrameworks/LinguisticData.framework/Versions/A/LinguisticData
0x00007ff807c63000 	/System/Library/PrivateFrameworks/Lexicon.framework/Versions/A/Lexicon
0x00007ff81275f000 	/usr/lib/libChineseTokenizer.dylib
0x00007ff8083ce000 	/System/Library/PrivateFrameworks/LanguageModeling.framework/Versions/A/LanguageModeling
0x00007ff81217a000 	/System/Library/PrivateFrameworks/AppleSauce.framework/Versions/A/AppleSauce
0x00007ff8111a6000 	/System/Library/PrivateFrameworks/CoreEmoji.framework/Versions/A/CoreEmoji
0x00007ff81207a000 	/usr/lib/libcmph.dylib
0x00007ff80e872000 	/System/Library/Frameworks/OpenDirectory.framework/Versions/A/Frameworks/CFOpenDirectory.framework/Versions/A/CFOpenDirectory
0x00007ff80e866000 	/System/Library/Frameworks/OpenDirectory.framework/Versions/A/OpenDirectory
0x00007ff8126b8000 	/System/Library/PrivateFrameworks/APFS.framework/Versions/A/APFS
0x00007ff8114bc000 	/System/Library/Frameworks/SecurityFoundation.framework/Versions/A/SecurityFoundation
0x00007ff812733000 	/usr/lib/libutil.dylib
0x00007ff809abe000 	/System/Library/PrivateFrameworks/CoreServicesStore.framework/Versions/A/CoreServicesStore
0x00007ff812737000 	/usr/lib/libxslt.1.dylib
0x00007ff811549000 	/System/Library/PrivateFrameworks/BackgroundTaskManagement.framework/Versions/A/BackgroundTaskManagement
0x00007ff813ba4000 	/System/Library/Frameworks/ImageIO.framework/Versions/A/Resources/libRadiance.dylib
0x00007ff813bad000 	/System/Library/Frameworks/ImageIO.framework/Versions/A/Resources/libJPEG.dylib
0x00007ff813afc000 	/System/Library/Frameworks/ImageIO.framework/Versions/A/Resources/libPng.dylib
0x00007ff813b1d000 	/System/Library/Frameworks/ImageIO.framework/Versions/A/Resources/libTIFF.dylib
0x00007ff813c0d000 	/System/Library/Frameworks/ImageIO.framework/Versions/A/Resources/libGIF.dylib
0x00007ff813437000 	/System/Library/Frameworks/ImageIO.framework/Versions/A/Resources/libJP2.dylib
0x00007ff812b75000 	/usr/lib/libexpat.1.dylib
0x00007ff8133ec000 	/System/Library/PrivateFrameworks/AppleJPEG.framework/Versions/A/AppleJPEG
0x00007ff80fd58000 	/System/Library/PrivateFrameworks/FontServices.framework/libFontParser.dylib
0x00007ff80d86b000 	/System/Library/PrivateFrameworks/RunningBoardServices.framework/Versions/A/RunningBoardServices
0x00007ff81e575000 	/System/Library/PrivateFrameworks/IOSurfaceAccelerator.framework/Versions/A/IOSurfaceAccelerator
0x00007ff813519000 	/System/Library/PrivateFrameworks/WatchdogClient.framework/Versions/A/WatchdogClient
0x00007ff8084bc000 	/System/Library/Frameworks/CoreDisplay.framework/Versions/A/CoreDisplay
0x00007ff80fc56000 	/System/Library/Frameworks/CoreMedia.framework/Versions/A/CoreMedia
0x00007ff80faea000 	/System/Library/PrivateFrameworks/IOAccelerator.framework/Versions/A/IOAccelerator
0x00007ff80e9ef000 	/System/Library/Frameworks/CoreVideo.framework/Versions/A/CoreVideo
0x00007ff8121cb000 	/System/Library/Frameworks/MetalPerformanceShaders.framework/Versions/A/MetalPerformanceShaders
0x00007ff813556000 	/System/Library/Frameworks/VideoToolbox.framework/Versions/A/VideoToolbox
0x00007ff80d7b5000 	/System/Library/PrivateFrameworks/BaseBoard.framework/Versions/A/BaseBoard
0x00007ff80d53c000 	/System/Library/PrivateFrameworks/ProtocolBuffer.framework/Versions/A/ProtocolBuffer
0x00007ff813b9d000 	/System/Library/PrivateFrameworks/GPUWrangler.framework/Versions/A/GPUWrangler
0x00007ff813b81000 	/System/Library/PrivateFrameworks/IOPresentment.framework/Versions/A/IOPresentment
0x00007ff813ba7000 	/System/Library/PrivateFrameworks/DSExternalDisplay.framework/Versions/A/DSExternalDisplay
0x00007ffa1ff2d000 	/System/Library/Frameworks/OpenGL.framework/Versions/A/Libraries/libCoreFSCache.dylib
0x00007ffb0d005000 	/System/Library/PrivateFrameworks/GPUCompiler.framework/Versions/31001/Libraries/libGPUCompilerUtils.dylib
0x00007ff813c12000 	/System/Library/PrivateFrameworks/CMCaptureCore.framework/Versions/A/CMCaptureCore
0x00007ff81311d000 	/System/Library/PrivateFrameworks/AppServerSupport.framework/Versions/A/AppServerSupport
0x00007ff8153e0000 	/System/Library/PrivateFrameworks/perfdata.framework/Versions/A/perfdata
0x00007ff8085e8000 	/System/Library/PrivateFrameworks/AudioToolboxCore.framework/Versions/A/AudioToolboxCore
0x00007ff80fc34000 	/System/Library/PrivateFrameworks/caulk.framework/Versions/A/caulk
0x00007ff814cf2000 	/usr/lib/libAudioStatistics.dylib
0x00007ff90c9ea000 	/System/Library/PrivateFrameworks/SystemPolicy.framework/Versions/A/SystemPolicy
0x00007ff814f4d000 	/usr/lib/libSMC.dylib
0x00007ff81de6d000 	/System/Library/Frameworks/CoreMIDI.framework/Versions/A/CoreMIDI
0x00007ff813acb000 	/usr/lib/libAudioToolboxUtility.dylib
0x00007ff908c12000 	/System/Library/PrivateFrameworks/OSAServicesClient.framework/Versions/A/OSAServicesClient
0x00007ff8153ed000 	/usr/lib/libperfcheck.dylib
0x00007ff90d497000 	/usr/lib/libmis.dylib
0x00007ffa1ff88000 	/System/Library/Frameworks/OpenGL.framework/Versions/A/Libraries/libGLU.dylib
0x00007ffa1ff4c000 	/System/Library/Frameworks/OpenGL.framework/Versions/A/Libraries/libGFXShared.dylib
0x00007ffa20155000 	/System/Library/Frameworks/OpenGL.framework/Versions/A/Libraries/libGL.dylib
0x00007ffa1ff55000 	/System/Library/Frameworks/OpenGL.framework/Versions/A/Libraries/libGLImage.dylib
0x00007ffa1ff49000 	/System/Library/Frameworks/OpenGL.framework/Versions/A/Libraries/libCVMSPluginSupport.dylib
0x00007ffa1ff34000 	/System/Library/Frameworks/OpenGL.framework/Versions/A/Libraries/libCoreVMClient.dylib
0x00007ff8107a0000 	/System/Library/Frameworks/MetalPerformanceShaders.framework/Versions/A/Frameworks/MPSCore.framework/Versions/A/MPSCore
0x00007ff811b62000 	/System/Library/Frameworks/MetalPerformanceShaders.framework/Versions/A/Frameworks/MPSImage.framework/Versions/A/MPSImage
0x00007ff811608000 	/System/Library/Frameworks/MetalPerformanceShaders.framework/Versions/A/Frameworks/MPSNeuralNetwork.framework/Versions/A/MPSNeuralNetwork
0x00007ff811a7c000 	/System/Library/Frameworks/MetalPerformanceShaders.framework/Versions/A/Frameworks/MPSMatrix.framework/Versions/A/MPSMatrix
0x00007ff811837000 	/System/Library/Frameworks/MetalPerformanceShaders.framework/Versions/A/Frameworks/MPSRayIntersector.framework/Versions/A/MPSRayIntersector
0x00007ff811ab4000 	/System/Library/Frameworks/MetalPerformanceShaders.framework/Versions/A/Frameworks/MPSNDArray.framework/Versions/A/MPSNDArray
0x00007ffa25a0d000 	/System/Library/Frameworks/MetalPerformanceShaders.framework/Versions/A/Frameworks/MPSFunctions.framework/Versions/A/MPSFunctions
0x00007ff8078ef000 	/System/Library/PrivateFrameworks/MetalTools.framework/Versions/A/MetalTools
0x00007ff81081c000 	/System/Library/PrivateFrameworks/AggregateDictionary.framework/Versions/A/AggregateDictionary
0x00007ff812957000 	/usr/lib/libIOReport.dylib
0x00007ffa21564000 	/System/Library/Frameworks/OpenCL.framework/Versions/A/OpenCL
0x00007ff812cbb000 	/System/Library/PrivateFrameworks/FaceCore.framework/Versions/A/FaceCore
0x00007ff812cac000 	/System/Library/PrivateFrameworks/GraphVisualizer.framework/Versions/A/GraphVisualizer
0x00007ffb0cf10000 	/System/Library/PrivateFrameworks/FontServices.framework/Versions/A/FontServices
0x00007ff8130d5000 	/System/Library/PrivateFrameworks/OTSVG.framework/Versions/A/OTSVG
0x00007ff80e5d5000 	/System/Library/Frameworks/ApplicationServices.framework/Versions/A/Frameworks/ATS.framework/Versions/A/Resources/libFontRegistry.dylib
0x00007ff813125000 	/System/Library/PrivateFrameworks/FontServices.framework/libhvf.dylib
0x00007ffb0cf11000 	/System/Library/PrivateFrameworks/FontServices.framework/libXTFontStaticRegistryData.dylib
0x00007ff812b25000 	/System/Library/PrivateFrameworks/AppleVA.framework/Versions/A/AppleVA
0x00007ff814d12000 	/System/Library/Frameworks/ApplicationServices.framework/Versions/A/Frameworks/ATS.framework/Versions/A/ATS
0x00007ff80cc82000 	/System/Library/Frameworks/ApplicationServices.framework/Versions/A/Frameworks/HIServices.framework/Versions/A/HIServices
0x00007ff813c1c000 	/System/Library/Frameworks/ApplicationServices.framework/Versions/A/Frameworks/PrintCore.framework/Versions/A/PrintCore
0x00007ff8150a0000 	/System/Library/Frameworks/ApplicationServices.framework/Versions/A/Frameworks/QD.framework/Versions/A/QD
0x00007ff815098000 	/System/Library/Frameworks/ApplicationServices.framework/Versions/A/Frameworks/ColorSyncLegacy.framework/Versions/A/ColorSyncLegacy
0x00007ff814d02000 	/System/Library/Frameworks/ApplicationServices.framework/Versions/A/Frameworks/SpeechSynthesis.framework/Versions/A/SpeechSynthesis
0x00007ff813bdd000 	/System/Library/Frameworks/ApplicationServices.framework/Versions/A/Frameworks/ATSUI.framework/Versions/A/ATSUI
0x00007ff81502d000 	/usr/lib/libcups.2.dylib
0x00007ff8153fc000 	/System/Library/Frameworks/Kerberos.framework/Versions/A/Kerberos
0x00007ff81540b000 	/System/Library/Frameworks/GSS.framework/Versions/A/GSS
0x00007ff814d7e000 	/usr/lib/libresolv.9.dylib
0x00007ff813134000 	/System/Library/PrivateFrameworks/Heimdal.framework/Versions/A/Heimdal
0x00007ff81bff0000 	/System/Library/Frameworks/Kerberos.framework/Versions/A/Libraries/libHeimdalProxy.dylib
0x00007ff80d93f000 	/System/Library/Frameworks/Network.framework/Versions/A/Network
0x00007ff812b8f000 	/usr/lib/libheimdal-asn1.dylib
0x00007ff815456000 	/System/Library/PrivateFrameworks/CommonAuth.framework/Versions/A/CommonAuth
0x00007ff814c84000 	/System/Library/PrivateFrameworks/AudioSession.framework/Versions/A/AudioSession
0x00007ff812c1f000 	/System/Library/PrivateFrameworks/MediaExperience.framework/Versions/A/MediaExperience
0x00007ff814b16000 	/System/Library/PrivateFrameworks/AudioSession.framework/libSessionUtility.dylib
0x00007ff8150ac000 	/System/Library/PrivateFrameworks/AudioResourceArbitration.framework/Versions/A/AudioResourceArbitration
0x00007ff81912d000 	/System/Library/PrivateFrameworks/PowerLog.framework/Versions/A/PowerLog
0x00007ff812b98000 	/System/Library/PrivateFrameworks/IconFoundation.framework/Versions/A/IconFoundation
0x00007ff817ee3000 	/System/Library/PrivateFrameworks/SpeechRecognitionCore.framework/Versions/A/SpeechRecognitionCore
0x000000010d016000 	/Library/Java/JavaVirtualMachines/jdk1.8.0_241.jdk/Contents/Home/jre/lib/server/libjvm.dylib
0x00007ffb2039a000 	/usr/lib/libstdc++.6.dylib
0x000000010c09b000 	/Library/Java/JavaVirtualMachines/jdk1.8.0_241.jdk/Contents/Home/jre/lib/libverify.dylib
0x000000010c0df000 	/Library/Java/JavaVirtualMachines/jdk1.8.0_241.jdk/Contents/Home/jre/lib/libjava.dylib
0x000000010c115000 	/Library/Java/JavaVirtualMachines/jdk1.8.0_241.jdk/Contents/Home/jre/lib/libinstrument.dylib
0x000000010c0b2000 	/Library/Java/JavaVirtualMachines/jdk1.8.0_241.jdk/Contents/Home/jre/lib/libzip.dylib
0x00000001147cf000 	/Library/Java/JavaVirtualMachines/jdk1.8.0_241.jdk/Contents/Home/jre/lib/libnet.dylib
0x000000011487c000 	/Library/Java/JavaVirtualMachines/jdk1.8.0_241.jdk/Contents/Home/jre/lib/libprism_es2.dylib
0x00007ff809a80000 	/System/Library/PrivateFrameworks/CoreServicesInternal.framework/Versions/A/CoreServicesInternal
0x00007ffa20160000 	/System/Library/Frameworks/OpenGL.framework/Versions/A/Resources/GLEngine.bundle/GLEngine
0x00007ffa1ffc6000 	/System/Library/Frameworks/OpenGL.framework/Versions/A/Libraries/libGLProgrammability.dylib
0x00007ffa18932000 	/System/Library/Extensions/AppleIntelBDWGraphicsGLDriver.bundle/Contents/MacOS/AppleIntelBDWGraphicsGLDriver
0x00007ff917632000 	/System/Library/PrivateFrameworks/GPUSupport.framework/Versions/A/Libraries/libGPUSupportMercury.dylib
0x00007ffa202ea000 	/System/Library/Frameworks/OpenGL.framework/Versions/A/Resources/GLRendererFloat.bundle/GLRendererFloat
0x0000000115512000 	/Library/Java/JavaVirtualMachines/jdk1.8.0_241.jdk/Contents/Home/jre/lib/libglass.dylib
0x00007ff81971e000 	/System/Library/Frameworks/FileProvider.framework/Versions/A/FileProvider
0x00007ff80d722000 	/System/Library/Frameworks/Accounts.framework/Versions/A/Accounts
0x00007ff819897000 	/System/Library/PrivateFrameworks/GenerationalStorage.framework/Versions/A/GenerationalStorage
0x00007ff81a3a7000 	/System/Library/PrivateFrameworks/CoreSymbolication.framework/Versions/A/CoreSymbolication
0x00007ff819122000 	/System/Library/PrivateFrameworks/SymptomDiagnosticReporter.framework/Versions/A/SymptomDiagnosticReporter
0x00007ff80ad41000 	/System/Library/PrivateFrameworks/DesktopServicesPriv.framework/Versions/A/DesktopServicesPriv
0x00007ff809bbf000 	/usr/lib/libsandbox.1.dylib
0x00007ff80ea6e000 	/System/Library/PrivateFrameworks/UserManagement.framework/Versions/A/UserManagement
0x00007ff81a36c000 	/System/Library/PrivateFrameworks/DebugSymbols.framework/Versions/A/DebugSymbols
0x00007ff81508d000 	/System/Library/PrivateFrameworks/NetAuth.framework/Versions/A/NetAuth
0x00007ff815f9c000 	/System/Library/PrivateFrameworks/Sharing.framework/Versions/A/Sharing
0x00007ff80ea41000 	/System/Library/PrivateFrameworks/login.framework/Versions/A/Frameworks/loginsupport.framework/Versions/A/loginsupport
0x00007ff81b50a000 	/System/Library/PrivateFrameworks/Apple80211.framework/Versions/A/Apple80211
0x00007ff811c47000 	/System/Library/PrivateFrameworks/AuthKit.framework/Versions/A/AuthKit
0x00007ff81129c000 	/System/Library/PrivateFrameworks/CoreUtils.framework/Versions/A/CoreUtils
0x00007ff8111c3000 	/System/Library/Frameworks/CoreWLAN.framework/Versions/A/CoreWLAN
0x00007ff8160fb000 	/System/Library/Frameworks/IOBluetooth.framework/Versions/A/IOBluetooth
0x00007ff81b572000 	/System/Library/PrivateFrameworks/CoreWiFi.framework/Versions/A/CoreWiFi
0x00007ff819f41000 	/System/Library/PrivateFrameworks/FrontBoardServices.framework/Versions/A/FrontBoardServices
0x00007ff819fd2000 	/System/Library/PrivateFrameworks/BoardServices.framework/Versions/A/BoardServices
0x00007ff8114ab000 	/System/Library/PrivateFrameworks/AssertionServices.framework/Versions/A/AssertionServices
0x00007ff81b6f5000 	/System/Library/PrivateFrameworks/BackBoardServices.framework/Versions/A/BackBoardServices
0x00007ff8154e7000 	/System/Library/PrivateFrameworks/CorePhoneNumbers.framework/Versions/A/CorePhoneNumbers
0x00007ff814dab000 	/System/Library/PrivateFrameworks/MultiverseSupport.framework/Versions/A/MultiverseSupport
0x00007ff81b969000 	/System/Library/PrivateFrameworks/RemoteServiceDiscovery.framework/Versions/A/RemoteServiceDiscovery
0x00007ff81923f000 	/System/Library/PrivateFrameworks/DiskManagement.framework/Versions/A/DiskManagement
0x00007ff819153000 	/System/Library/PrivateFrameworks/AppleIDAuthSupport.framework/Versions/A/AppleIDAuthSupport
0x00007ffb0788b000 	/System/Library/PrivateFrameworks/AAAFoundation.framework/Versions/A/AAAFoundation
0x00007ff8154c8000 	/System/Library/PrivateFrameworks/KeychainCircle.framework/Versions/A/KeychainCircle
0x00007ff81b979000 	/System/Library/PrivateFrameworks/RemoteXPC.framework/Versions/A/RemoteXPC
0x00007ff81920b000 	/System/Library/PrivateFrameworks/MediaKit.framework/Versions/A/MediaKit
0x00007ff81915f000 	/System/Library/Frameworks/DiscRecording.framework/Versions/A/DiscRecording
0x00007ff812a9d000 	/usr/lib/libCoreStorage.dylib
0x00007ff81b9e4000 	/usr/lib/libcsfde.dylib
0x00007ff8161c8000 	/System/Library/PrivateFrameworks/ProtectedCloudStorage.framework/Versions/A/ProtectedCloudStorage
0x00007ff81b9e0000 	/System/Library/PrivateFrameworks/EFILogin.framework/Versions/A/EFILogin
0x00007ff8198bd000 	/System/Library/PrivateFrameworks/OctagonTrust.framework/Versions/A/OctagonTrust
0x00007ffb0c173000 	/System/Library/PrivateFrameworks/CoreUtilsExtras.framework/Versions/A/CoreUtilsExtras
0x00007ff819086000 	/System/Library/Frameworks/CoreBluetooth.framework/Versions/A/CoreBluetooth
0x00007ff81c075000 	/System/Library/Frameworks/AudioUnit.framework/Versions/A/AudioUnit
0x00007ff812a95000 	/usr/lib/libMatch.1.dylib
0x00007ff911abb000 	/System/Library/Frameworks/Accelerate.framework/Versions/A/Frameworks/vImage.framework/Versions/A/Libraries/libCGInterfaces.dylib
0x00000001168f3000 	/usr/lib/libobjc-trampolines.dylib
0x00007ff81e57d000 	/System/Library/PrivateFrameworks/FamilyControls.framework/Versions/A/FamilyControls
0x00007ff81e5a1000 	/System/Library/PrivateFrameworks/CommerceKit.framework/Versions/A/Frameworks/CommerceCore.framework/Versions/A/CommerceCore
0x00007ff8185ff000 	/System/Library/PrivateFrameworks/SystemAdministration.framework/Versions/A/SystemAdministration
0x00007ff8161af000 	/System/Library/PrivateFrameworks/AppContainer.framework/Versions/A/AppContainer
0x00007ff8161c4000 	/System/Library/PrivateFrameworks/SecCodeWrapper.framework/Versions/A/SecCodeWrapper
0x00007ff812960000 	/System/Library/PrivateFrameworks/CrashReporterSupport.framework/Versions/A/CrashReporterSupport
0x00007ff9194d3000 	/System/Library/PrivateFrameworks/OSAnalytics.framework/Versions/A/OSAnalytics
0x00007ff92468a000 	/System/Library/PrivateFrameworks/Symbolication.framework/Versions/A/Symbolication
0x00007ff90d474000 	/System/Library/PrivateFrameworks/MallocStackLogging.framework/Versions/A/MallocStackLogging
0x00007ff8131eb000 	/System/Library/PrivateFrameworks/login.framework/Versions/A/login
0x00007ff813e46000 	/System/Library/Frameworks/MediaToolbox.framework/Versions/A/MediaToolbox
0x00007ff817eaf000 	/System/Library/Frameworks/DirectoryService.framework/Versions/A/DirectoryService
0x00007ff81b881000 	/System/Library/PrivateFrameworks/DiskImages.framework/Versions/A/DiskImages
0x00007ff811553000 	/System/Library/Frameworks/ServiceManagement.framework/Versions/A/ServiceManagement
0x00007ff81ba5e000 	/System/Library/PrivateFrameworks/LoginUIKit.framework/Versions/A/Frameworks/LoginUICore.framework/Versions/A/LoginUICore
0x00007ff813394000 	/usr/lib/libodfde.dylib
0x00007ff8196ee000 	/System/Library/PrivateFrameworks/CoreAVCHD.framework/Versions/A/CoreAVCHD
0x00007ff8185c3000 	/System/Library/Frameworks/MediaAccessibility.framework/Versions/A/MediaAccessibility
0x00007ff8196ea000 	/System/Library/PrivateFrameworks/Mangrove.framework/Versions/A/Mangrove
0x00007ff8185ce000 	/System/Library/PrivateFrameworks/AlgosScoreFramework.framework/Versions/A/AlgosScoreFramework
0x00007ffb09467000 	/System/Library/PrivateFrameworks/CMPhoto.framework/Versions/A/CMPhoto
0x00007ff81a242000 	/System/Library/PrivateFrameworks/AppleVPA.framework/Versions/A/AppleVPA
0x00007ff81932f000 	/System/Library/PrivateFrameworks/CoreAUC.framework/Versions/A/CoreAUC
0x00007ff81b9f0000 	/usr/lib/libcurl.4.dylib
0x00007ffb1fe69000 	/usr/lib/libcrypto.46.dylib
0x00007ffb2035e000 	/usr/lib/libssl.48.dylib
0x00007ff81b713000 	/System/Library/Frameworks/LDAP.framework/Versions/A/LDAP
0x00007ff81b74b000 	/System/Library/PrivateFrameworks/TrustEvaluationAgent.framework/Versions/A/TrustEvaluationAgent
0x00007ff814d97000 	/usr/lib/libsasl2.2.dylib
0x00007ff8185f3000 	/System/Library/PrivateFrameworks/CoreDaemon.framework/Versions/B/CoreDaemon
0x00007ff8185ee000 	/System/Library/PrivateFrameworks/AppleSRP.framework/Versions/A/AppleSRP
0x00007ff80e766000 	/System/Library/PrivateFrameworks/ViewBridge.framework/Versions/A/ViewBridge
0x0000000118e08000 	/Library/Java/JavaVirtualMachines/jdk1.8.0_241.jdk/Contents/Home/jre/lib/libjavafx_font.dylib
0x00000001196fd000 	/Library/Java/JavaVirtualMachines/jdk1.8.0_241.jdk/Contents/Home/jre/lib/libprism_common.dylib
0x00007ffb1f9fd000 	/usr/lib/libRosetta.dylib

VM Arguments:
jvm_args: -javaagent:/Applications/IntelliJ IDEA.app/Contents/lib/idea_rt.jar=61648:/Applications/IntelliJ IDEA.app/Contents/bin -Dfile.encoding=UTF-8 
java_command: Main
java_class_path (initial): /Library/Java/JavaVirtualMachines/jdk1.8.0_241.jdk/Contents/Home/jre/lib/charsets.jar:/Library/Java/JavaVirtualMachines/jdk1.8.0_241.jdk/Contents/Home/jre/lib/deploy.jar:/Library/Java/JavaVirtualMachines/jdk1.8.0_241.jdk/Contents/Home/jre/lib/ext/cldrdata.jar:/Library/Java/JavaVirtualMachines/jdk1.8.0_241.jdk/Contents/Home/jre/lib/ext/dnsns.jar:/Library/Java/JavaVirtualMachines/jdk1.8.0_241.jdk/Contents/Home/jre/lib/ext/jaccess.jar:/Library/Java/JavaVirtualMachines/jdk1.8.0_241.jdk/Contents/Home/jre/lib/ext/jfxrt.jar:/Library/Java/JavaVirtualMachines/jdk1.8.0_241.jdk/Contents/Home/jre/lib/ext/localedata.jar:/Library/Java/JavaVirtualMachines/jdk1.8.0_241.jdk/Contents/Home/jre/lib/ext/nashorn.jar:/Library/Java/JavaVirtualMachines/jdk1.8.0_241.jdk/Contents/Home/jre/lib/ext/sunec.jar:/Library/Java/JavaVirtualMachines/jdk1.8.0_241.jdk/Contents/Home/jre/lib/ext/sunjce_provider.jar:/Library/Java/JavaVirtualMachines/jdk1.8.0_241.jdk/Contents/Home/jre/lib/ext/sunpkcs11.jar:/Library/Java/JavaVirtualMachines/jdk1.8.0_241.jdk/Contents/Home/jre/lib/ext/zipfs.jar:/Library/Java/JavaVirtualMachines/jdk1.8.0_241.jdk/Contents/Home/jre/lib/javaws.jar:/Library/Java/JavaVirtualMachines/jdk1.8.0_241.jdk/Contents/Home/jre/lib/jce.jar:/Library/Java/JavaVirtualMachines/jdk1.8.0_241.jdk/Contents/Home/jre/lib/jfr.jar:/Library/Java/JavaVirtualMachines/jdk1.8.0_241.jdk/Contents/Home/jre/lib/jfxswt.jar:/Library/Java/JavaVirtualMachines/jdk1.8.0_241.jdk/Contents/Home/jre/lib/jsse.jar:/Library/Java/JavaVirtualMachines/jdk1.8.0_241.jdk/Contents/Home/jre/lib/management-agent.jar:/Library/Java/JavaVirtualMachines/jdk1.8.0_241.jdk/Contents/Home/jre/lib/plugin.jar:/Library/Java/JavaVirtualMachines/jdk1.8.0_241.jdk/Contents/Home/jre/lib/resources.jar:/Library/Java/JavaVirtualMachines/jdk1.8.0_241.jdk/Contents/Home/jre/lib/rt.jar:/Library/Java/JavaVirtualMachines/jdk1.8.0_241.jdk/Contents/Home/lib/ant-javafx.jar:/Library/Java/JavaVirtualMachines/jdk1.8.0_241.jdk/Contents/Home
Launcher Type: SUN_STANDARD

Environment Variables:
PATH=/usr/local/bin:/usr/bin:/bin:/usr/sbin:/sbin:/usr/local/share/dotnet:~/.dotnet/tools:/Library/Apple/usr/bin:/Library/Frameworks/Mono.framework/Versions/Current/Commands
SHELL=/bin/zsh

Signal Handlers:
SIGSEGV: [libjvm.dylib+0x5bd1a7], sa_mask[0]=11111111011111110111111111111111, sa_flags=SA_ONSTACK|SA_RESTART|SA_SIGINFO
SIGBUS: [libjvm.dylib+0x5bd1a7], sa_mask[0]=11111111011111110111111111111111, sa_flags=SA_RESTART|SA_SIGINFO
SIGFPE: [libjvm.dylib+0x48e178], sa_mask[0]=11111111011111110111111111111111, sa_flags=SA_RESTART|SA_SIGINFO
SIGPIPE: [libjvm.dylib+0x48e178], sa_mask[0]=11111111011111110111111111111111, sa_flags=SA_RESTART|SA_SIGINFO
SIGXFSZ: [libjvm.dylib+0x48e178], sa_mask[0]=11111111011111110111111111111111, sa_flags=SA_RESTART|SA_SIGINFO
SIGILL: [libjvm.dylib+0x48e178], sa_mask[0]=11111111011111110111111111111111, sa_flags=SA_RESTART|SA_SIGINFO
SIGUSR1: SIG_DFL, sa_mask[0]=00000000000000000000000000000000, sa_flags=none
SIGUSR2: [libjvm.dylib+0x48dc96], sa_mask[0]=00100000000000000000000000000000, sa_flags=SA_RESTART|SA_SIGINFO
SIGHUP: [libjvm.dylib+0x48c221], sa_mask[0]=11111111011111110111111111111111, sa_flags=SA_RESTART|SA_SIGINFO
SIGINT: [libjvm.dylib+0x48c221], sa_mask[0]=11111111011111110111111111111111, sa_flags=SA_RESTART|SA_SIGINFO
SIGTERM: [libjvm.dylib+0x48c221], sa_mask[0]=11111111011111110111111111111111, sa_flags=SA_RESTART|SA_SIGINFO
SIGQUIT: [libjvm.dylib+0x48c221], sa_mask[0]=11111111011111110111111111111111, sa_flags=SA_RESTART|SA_SIGINFO


---------------  S Y S T E M  ---------------

OS:Bsduname:Darwin 21.6.0 Darwin Kernel Version 21.6.0: Thu Sep 29 20:12:57 PDT 2022; root:xnu-8020.240.7~1/RELEASE_X86_64 x86_64
rlimit: STACK 8192k, CORE 0k, NPROC 1392, NOFILE 10240, AS infinity
load average:4.53 2.30 2.05

CPU:total 4 (initial active 4) (2 cores per cpu, 2 threads per core) family 6 model 61 stepping 4, cmov, cx8, fxsr, mmx, sse, sse2, sse3, ssse3, sse4.1, sse4.2, popcnt, avx, avx2, aes, clmul, erms, rtm, 3dnowpref, lzcnt, ht, tsc, tscinvbit, bmi1, bmi2, adx

Memory: 4k page, physical 8388608k(527800k free)

/proc/meminfo:


vm_info: Java HotSpot(TM) 64-Bit Server VM (25.241-b07) for bsd-amd64 JRE (1.8.0_241-b07), built on Dec 11 2019 02:29:59 by "java_re" with gcc 4.2.1 (Based on Apple Inc. build 5658) (LLVM build 2336.11.00)

time: Fri Feb 17 15:47:20 2023
timezone: +07
elapsed time: 10 seconds (0d 0h 0m 10s)

